Arguments: 
  /Users/zhangbin/.nvm/versions/node/v14.18.1/bin/node /usr/local/bin/yarn

PATH: 
  /Users/zhangbin/.nvm/versions/node/v14.18.1/bin:./node_modules/.bin:/usr/local/bin:/usr/bin:/bin:/usr/sbin:/sbin:/Applications/VMware Fusion.app/Contents/Public:/Library/Apple/usr/bin

Yarn version: 
  1.22.10

Node version: 
  14.18.1

Platform: 
  darwin x64

Trace: 
  Error: unable to verify the first certificate
      at TLSSocket.onConnectSecure (_tls_wrap.js:1515:34)
      at TLSSocket.emit (events.js:400:28)
      at TLSSocket._finishInit (_tls_wrap.js:937:8)
      at TLSWrap.ssl.onhandshakedone (_tls_wrap.js:709:12)

npm manifest: 
  {
    "name": "jump-vs",
    "version": "0.0.9",
    "main": "lib/index.js",
    "license": "MIT",
    "scripts": {
      "build": "yarn run rollup -c",
      "start": "yarn run rollup -c -w"
    },
    "description": "这是一个简单的js工具库",
    "keywords": [
      "js",
      "ES6",
      "js-utils"
    ],
    "devDependencies": {
      "@babel/core": "^7.16.0",
      "@babel/preset-env": "^7.16.4",
      "@babel/preset-react": "^7.16.0",
      "@emotion/babel-preset-css-prop": "^11.2.0",
      "rollup": "^2.60.2",
      "rollup-plugin-babel": "^4.4.0",
      "rollup-plugin-sourcemaps": "^0.6.3",
      "rollup-plugin-typescript": "^1.0.1",
      "rollup-plugin-typescript2": "^0.34.1",
      "tslib": "^2.3.1",
      "typescript": "^4.5.2"
    },
    "dependencies": {
      "postcss": "^8.4.4",
      "rollup-plugin-postcss": "^4.0.2"
    }
  }

yarn manifest: 
  No manifest

Lockfile: 
  No lockfile
